2017-05-13 18:34:38 - PHP Notice:  Undefined variable: icon in D:\OpenServer\domains\ShopOC\catalog\view\theme\shopme\template\common\header.tpl on line 20
2017-05-13 18:34:38 - PHP Notice:  Undefined variable: google_analytics in D:\OpenServer\domains\ShopOC\catalog\view\theme\shopme\template\common\header.tpl on line 52
2017-05-13 18:36:18 - PHP Notice:  Error: Table 'opencart.oc_product_tab' doesn't exist<br />Error No: 1146<br />SELECT t.tab_id, td.name, pt.text, t.position, t.show_empty FROM oc_product_tab pt LEFT JOIN oc_tab t ON (pt.tab_id = t.tab_id) LEFT JOIN oc_tab_description td ON (t.tab_id = td.tab_id) WHERE pt.product_id = '42' AND td.language_id = '1' AND pt.language_id = '1' AND t.status = '1' AND ( t.show_empty = '1' OR NOT pt.text REGEXP '^[[:space:]]*$' ) ORDER BY t.position, t.sort_order, td.name in D:\OpenServer\domains\ShopOC\system\library\db\mysqli.php on line 41
2017-05-13 18:36:18 - PHP Notice:  Trying to get property of non-object in D:\OpenServer\domains\ShopOC\vqmod\vqcache\vq2-catalog_model_catalog_product.php on line 535
2017-05-13 18:36:18 - PHP Warning:  Invalid argument supplied for foreach() in D:\OpenServer\domains\ShopOC\vqmod\vqcache\vq2-catalog_model_catalog_product.php on line 535
2017-05-13 18:36:18 - PHP Notice:  Error: Table 'opencart.oc_question' doesn't exist<br />Error No: 1146<br />SELECT COUNT(*) AS total FROM oc_question r LEFT JOIN oc_product p ON (r.product_id = p.product_id) LEFT JOIN oc_product_description pd ON (p.product_id = pd.product_id) WHERE p.product_id = '42' AND p.date_available <= NOW() AND p.status = '1' AND r.status = '1' AND pd.language_id = '1' in D:\OpenServer\domains\ShopOC\system\library\db\mysqli.php on line 41
2017-05-13 18:36:18 - PHP Notice:  Trying to get property of non-object in D:\OpenServer\domains\ShopOC\catalog\model\catalog\question.php on line 85
2017-05-13 18:36:18 - PHP Notice:  Undefined variable: icon in D:\OpenServer\domains\ShopOC\catalog\view\theme\shopme\template\common\header.tpl on line 20
2017-05-13 18:36:18 - PHP Notice:  Undefined variable: google_analytics in D:\OpenServer\domains\ShopOC\catalog\view\theme\shopme\template\common\header.tpl on line 52
2017-05-13 18:36:18 - PHP Notice:  Undefined variable: site_key in D:\OpenServer\domains\ShopOC\vqmod\vqcache\vq2-catalog_view_theme_shopme_template_product_product.tpl on line 571
2017-05-13 18:38:00 - PHP Notice:  Undefined variable: icon in D:\OpenServer\domains\ShopOC\catalog\view\theme\shopme\template\common\header.tpl on line 20
2017-05-13 18:38:00 - PHP Notice:  Undefined variable: google_analytics in D:\OpenServer\domains\ShopOC\catalog\view\theme\shopme\template\common\header.tpl on line 52
2017-05-13 18:38:00 - PHP Notice:  Undefined variable: site_key in D:\OpenServer\domains\ShopOC\vqmod\vqcache\vq2-catalog_view_theme_shopme_template_product_product.tpl on line 571
2017-05-13 18:38:04 - PHP Notice:  Undefined variable: icon in D:\OpenServer\domains\ShopOC\catalog\view\theme\shopme\template\common\header.tpl on line 20
2017-05-13 18:38:04 - PHP Notice:  Undefined variable: google_analytics in D:\OpenServer\domains\ShopOC\catalog\view\theme\shopme\template\common\header.tpl on line 52
2017-05-13 18:41:20 - PHP Notice:  Undefined variable: icon in D:\OpenServer\domains\ShopOC\catalog\view\theme\shopme\template\common\header.tpl on line 20
2017-05-13 18:41:20 - PHP Notice:  Undefined variable: google_analytics in D:\OpenServer\domains\ShopOC\catalog\view\theme\shopme\template\common\header.tpl on line 52
2017-05-13 18:41:20 - PHP Notice:  Undefined variable: site_key in D:\OpenServer\domains\ShopOC\vqmod\vqcache\vq2-catalog_view_theme_shopme_template_product_product.tpl on line 571
2017-05-13 18:41:21 - PHP Notice:  Undefined variable: icon in D:\OpenServer\domains\ShopOC\catalog\view\theme\shopme\template\common\header.tpl on line 20
2017-05-13 18:41:21 - PHP Notice:  Undefined variable: google_analytics in D:\OpenServer\domains\ShopOC\catalog\view\theme\shopme\template\common\header.tpl on line 52
2017-05-13 18:43:53 - PHP Notice:  Undefined variable: icon in D:\OpenServer\domains\ShopOC\catalog\view\theme\shopme\template\common\header.tpl on line 20
2017-05-13 18:43:53 - PHP Notice:  Undefined variable: google_analytics in D:\OpenServer\domains\ShopOC\catalog\view\theme\shopme\template\common\header.tpl on line 52
2017-05-13 18:43:53 - PHP Notice:  Undefined variable: site_key in D:\OpenServer\domains\ShopOC\vqmod\vqcache\vq2-catalog_view_theme_shopme_template_product_product.tpl on line 571
2017-05-13 18:43:54 - PHP Notice:  Undefined variable: icon in D:\OpenServer\domains\ShopOC\catalog\view\theme\shopme\template\common\header.tpl on line 20
2017-05-13 18:43:54 - PHP Notice:  Undefined variable: google_analytics in D:\OpenServer\domains\ShopOC\catalog\view\theme\shopme\template\common\header.tpl on line 52
2017-05-13 18:44:09 - PHP Notice:  Undefined variable: icon in D:\OpenServer\domains\ShopOC\catalog\view\theme\shopme\template\common\header.tpl on line 20
2017-05-13 18:44:09 - PHP Notice:  Undefined variable: google_analytics in D:\OpenServer\domains\ShopOC\catalog\view\theme\shopme\template\common\header.tpl on line 52
2017-05-13 18:44:09 - PHP Notice:  Undefined variable: site_key in D:\OpenServer\domains\ShopOC\vqmod\vqcache\vq2-catalog_view_theme_shopme_template_product_product.tpl on line 571
2017-05-13 18:44:10 - PHP Notice:  Undefined variable: icon in D:\OpenServer\domains\ShopOC\catalog\view\theme\shopme\template\common\header.tpl on line 20
2017-05-13 18:44:10 - PHP Notice:  Undefined variable: google_analytics in D:\OpenServer\domains\ShopOC\catalog\view\theme\shopme\template\common\header.tpl on line 52
2017-05-13 18:44:19 - PHP Notice:  Undefined index: key in D:\OpenServer\domains\ShopOC\catalog\view\theme\shopme\template\common\cart.tpl on line 32
2017-05-13 18:44:24 - PHP Notice:  Undefined index: key in D:\OpenServer\domains\ShopOC\catalog\view\theme\shopme\template\common\cart.tpl on line 32
2017-05-13 18:44:24 - PHP Notice:  Undefined variable: icon in D:\OpenServer\domains\ShopOC\catalog\view\theme\shopme\template\common\header.tpl on line 20
2017-05-13 18:44:24 - PHP Notice:  Undefined variable: google_analytics in D:\OpenServer\domains\ShopOC\catalog\view\theme\shopme\template\common\header.tpl on line 52
2017-05-13 18:45:53 - PHP Notice:  Undefined index: key in D:\OpenServer\domains\ShopOC\catalog\view\theme\shopme\template\common\cart.tpl on line 32
2017-05-13 18:45:53 - PHP Notice:  Undefined variable: icon in D:\OpenServer\domains\ShopOC\catalog\view\theme\shopme\template\common\header.tpl on line 20
2017-05-13 18:45:53 - PHP Notice:  Undefined variable: google_analytics in D:\OpenServer\domains\ShopOC\catalog\view\theme\shopme\template\common\header.tpl on line 52
2017-05-13 18:48:58 - PHP Notice:  Undefined index: key in D:\OpenServer\domains\ShopOC\catalog\view\theme\shopme\template\common\cart.tpl on line 32
2017-05-13 18:48:58 - PHP Notice:  Undefined variable: icon in D:\OpenServer\domains\ShopOC\catalog\view\theme\shopme\template\common\header.tpl on line 20
2017-05-13 18:48:58 - PHP Notice:  Undefined variable: google_analytics in D:\OpenServer\domains\ShopOC\catalog\view\theme\shopme\template\common\header.tpl on line 52
2017-05-13 18:49:05 - PHP Notice:  Undefined index: key in D:\OpenServer\domains\ShopOC\catalog\view\theme\shopme\template\common\cart.tpl on line 32
2017-05-13 18:49:05 - PHP Notice:  Undefined index: key in D:\OpenServer\domains\ShopOC\catalog\view\theme\shopme\template\common\cart.tpl on line 32
2017-05-13 18:49:08 - PHP Notice:  Undefined index: key in D:\OpenServer\domains\ShopOC\catalog\view\theme\shopme\template\common\cart.tpl on line 32
2017-05-13 18:49:08 - PHP Notice:  Undefined index: key in D:\OpenServer\domains\ShopOC\catalog\view\theme\shopme\template\common\cart.tpl on line 32
2017-05-13 18:49:08 - PHP Notice:  Undefined variable: icon in D:\OpenServer\domains\ShopOC\catalog\view\theme\shopme\template\common\header.tpl on line 20
2017-05-13 18:49:08 - PHP Notice:  Undefined variable: google_analytics in D:\OpenServer\domains\ShopOC\catalog\view\theme\shopme\template\common\header.tpl on line 52
2017-05-13 18:49:08 - PHP Notice:  Undefined variable: site_key in D:\OpenServer\domains\ShopOC\vqmod\vqcache\vq2-catalog_view_theme_shopme_template_product_product.tpl on line 571
2017-05-13 18:49:09 - PHP Notice:  Undefined index: key in D:\OpenServer\domains\ShopOC\catalog\view\theme\shopme\template\common\cart.tpl on line 32
2017-05-13 18:49:09 - PHP Notice:  Undefined index: key in D:\OpenServer\domains\ShopOC\catalog\view\theme\shopme\template\common\cart.tpl on line 32
2017-05-13 18:49:09 - PHP Notice:  Undefined variable: icon in D:\OpenServer\domains\ShopOC\catalog\view\theme\shopme\template\common\header.tpl on line 20
2017-05-13 18:49:09 - PHP Notice:  Undefined variable: google_analytics in D:\OpenServer\domains\ShopOC\catalog\view\theme\shopme\template\common\header.tpl on line 52
2017-05-13 19:00:12 - PHP Notice:  Undefined index: key in D:\OpenServer\domains\ShopOC\catalog\view\theme\shopme\template\common\cart.tpl on line 32
2017-05-13 19:00:12 - PHP Notice:  Undefined index: key in D:\OpenServer\domains\ShopOC\catalog\view\theme\shopme\template\common\cart.tpl on line 32
2017-05-13 19:00:12 - PHP Notice:  Undefined variable: site_key in D:\OpenServer\domains\ShopOC\vqmod\vqcache\vq2-catalog_view_theme_shopme_template_product_product.tpl on line 571
2017-05-13 19:00:14 - PHP Notice:  Undefined index: key in D:\OpenServer\domains\ShopOC\catalog\view\theme\shopme\template\common\cart.tpl on line 32
2017-05-13 19:00:14 - PHP Notice:  Undefined index: key in D:\OpenServer\domains\ShopOC\catalog\view\theme\shopme\template\common\cart.tpl on line 32
2017-05-13 19:01:22 - PHP Notice:  Undefined index: key in D:\OpenServer\domains\ShopOC\catalog\view\theme\shopme\template\common\cart.tpl on line 32
2017-05-13 19:01:22 - PHP Notice:  Undefined index: key in D:\OpenServer\domains\ShopOC\catalog\view\theme\shopme\template\common\cart.tpl on line 32
2017-05-13 19:01:22 - PHP Notice:  Undefined variable: google_analytics in D:\OpenServer\domains\ShopOC\catalog\view\theme\shopme\template\common\header.tpl on line 52
2017-05-13 19:01:22 - PHP Notice:  Undefined variable: site_key in D:\OpenServer\domains\ShopOC\vqmod\vqcache\vq2-catalog_view_theme_shopme_template_product_product.tpl on line 571
2017-05-13 19:01:23 - PHP Notice:  Undefined index: key in D:\OpenServer\domains\ShopOC\catalog\view\theme\shopme\template\common\cart.tpl on line 32
2017-05-13 19:01:23 - PHP Notice:  Undefined index: key in D:\OpenServer\domains\ShopOC\catalog\view\theme\shopme\template\common\cart.tpl on line 32
2017-05-13 19:01:23 - PHP Notice:  Undefined variable: google_analytics in D:\OpenServer\domains\ShopOC\catalog\view\theme\shopme\template\common\header.tpl on line 52
2017-05-13 19:02:16 - PHP Notice:  Undefined index: key in D:\OpenServer\domains\ShopOC\catalog\view\theme\shopme\template\common\cart.tpl on line 32
2017-05-13 19:02:16 - PHP Notice:  Undefined index: key in D:\OpenServer\domains\ShopOC\catalog\view\theme\shopme\template\common\cart.tpl on line 32
2017-05-13 19:02:16 - PHP Notice:  Undefined variable: site_key in D:\OpenServer\domains\ShopOC\vqmod\vqcache\vq2-catalog_view_theme_shopme_template_product_product.tpl on line 571
2017-05-13 19:02:17 - PHP Notice:  Undefined index: key in D:\OpenServer\domains\ShopOC\catalog\view\theme\shopme\template\common\cart.tpl on line 32
2017-05-13 19:02:17 - PHP Notice:  Undefined index: key in D:\OpenServer\domains\ShopOC\catalog\view\theme\shopme\template\common\cart.tpl on line 32
